2023-11-15T11:15:28.88338400255-11:15:28 **** Incremental Build of configuration Debug for project sw_design ****
000-make all 
000-make[1]: Entering directory '/users/students/r0792566/Documents/DDP/SW_package/sw_project/project_sw/sw_design/Debug'
000-make --no-print-directory pre-build
000-a9-linaro-pre-build-step
000- 
000-make --no-print-directory main-build
000-Building file: ../src/main.c
000-Invoking: ARM v7 gcc compiler
000-arm-none-eabi-gcc -Wall -O0 -g3 -c -fmessage-length=0 -MT"src/main.o" -mcpu=cortex-a9 -mfpu=vfpv3 -mfloat-abi=hard -I/users/students/r0792566/Documents/DDP/SW_package/sw_project/project_sw/rsa_project_wrapper/export/rsa_project_wrapper/sw/rsa_project_wrapper/standalone_domain/bspinclude/include -MMD -MP -MF"src/main.d" -MT"src/main.o" -o "src/main.o" "../src/main.c"
000-../src/main.c: In function 'main':
000/sw_design/src/main.c37-1-1'a' undeclared (first use in this function)2a../src/main.c:37:28: error: 'a' undeclared (first use in this function)
000-   37 |                 montMulOpt(a,b,n,n_prime,res,32);
000-      |                            ^
000/sw_design/src/main.c37-1-1each undeclared identifier is reported only once for each function it appears in0-../src/main.c:37:28: note: each undeclared identifier is reported only once for each function it appears in
000/sw_design/src/main.c37-1-1'b' undeclared (first use in this function)2b../src/main.c:37:30: error: 'b' undeclared (first use in this function)
000-   37 |                 montMulOpt(a,b,n,n_prime,res,32);
000-      |                              ^
000/sw_design/src/main.c37-1-1'n' undeclared (first use in this function)2n../src/main.c:37:32: error: 'n' undeclared (first use in this function)
000-   37 |                 montMulOpt(a,b,n,n_prime,res,32);
000-      |                                ^
000/sw_design/src/main.c37-1-1'n_prime' undeclared (first use in this function); did you mean 'n_prime9'?2n_prime../src/main.c:37:34: error: 'n_prime' undeclared (first use in this function); did you mean 'n_prime9'?
000-   37 |                 montMulOpt(a,b,n,n_prime,res,32);
000-      |                                  ^~~~~~~
000-      |                                  n_prime9
000/sw_design/src/main.c42-1-1implicit declaration of function 'customprint' [-Wimplicit-function-declaration]1-../src/main.c:42:17: warning: implicit declaration of function 'customprint' [-Wimplicit-function-declaration]
000-   42 |                 customprint(res, length);
000-      |                 ^~~~~~~~~~~
000/sw_design/src/main.c46-1-1'expected' undeclared (first use in this function); did you mean 'expected9'?2expected../src/main.c:46:29: error: 'expected' undeclared (first use in this function); did you mean 'expected9'?
000-   46 |                         if (expected[i] != res[i]) {
000-      |                             ^~~~~~~~
000-      |                             expected9
000/sw_design/src/main.c56-1-1implicit declaration of function 'customp' [-Wimplicit-function-declaration]1-../src/main.c:56:25: warning: implicit declaration of function 'customp' [-Wimplicit-function-declaration]
000-   56 |                         customp(expected);
000-      |                         ^~~~~~~
000/sw_design0-1-1make[2]: *** [src/subdir.mk:52: src/main.o] Error 12-make[2]: *** [src/subdir.mk:52: src/main.o] Error 1
000-make[1]: Leaving directory '/users/students/r0792566/Documents/DDP/SW_package/sw_project/project_sw/sw_design/Debug'
000/sw_design0-1-1make[1]: *** [makefile:35: all] Error 22-make[1]: *** [makefile:35: all] Error 2
00255-
11:15:29 Build Finished (took 428ms)

